AH00558: apache2: Could not reliably determine the server's fully qualified domain name, using 172.18.0.2. Set the 'ServerName' directive globally to suppress this message
[Sat Mar 02 03:20:29.680838 2024] [mpm_prefork:notice] [pid 1] AH00163: Apache/2.4.57 (Debian) PHP/8.2.16 configured -- resuming normal operations
[Sat Mar 02 03:20:29.680906 2024] [core:notice] [pid 1] AH00094: Command line: 'apache2 -D FOREGROUND'
[Sat Mar 02 03:21:11.457958 2024] [mpm_prefork:notice] [pid 1] AH00170: caught SIGWINCH, shutting down gracefully
AH00558: apache2: Could not reliably determine the server's fully qualified domain name, using 172.18.0.2. Set the 'ServerName' directive globally to suppress this message
[Sat Mar 02 03:21:28.370649 2024] [mpm_prefork:notice] [pid 1] AH00163: Apache/2.4.57 (Debian) PHP/8.2.16 configured -- resuming normal operations
[Sat Mar 02 03:21:28.370715 2024] [core:notice] [pid 1] AH00094: Command line: 'apache2 -D FOREGROUND'
[Sat Mar 02 03:23:43.817852 2024] [mpm_prefork:notice] [pid 1] AH00170: caught SIGWINCH, shutting down gracefully
AH00558: apache2: Could not reliably determine the server's fully qualified domain name, using 172.18.0.2. Set the 'ServerName' directive globally to suppress this message
[Sat Mar 02 03:24:03.384387 2024] [mpm_prefork:notice] [pid 1] AH00163: Apache/2.4.57 (Debian) PHP/8.2.16 configured -- resuming normal operations
[Sat Mar 02 03:24:03.384441 2024] [core:notice] [pid 1] AH00094: Command line: 'apache2 -D FOREGROUND'
[Sat Mar 02 03:29:05.550966 2024] [mpm_prefork:notice] [pid 1] AH00170: caught SIGWINCH, shutting down gracefully
AH00558: apache2: Could not reliably determine the server's fully qualified domain name, using 172.18.0.2. Set the 'ServerName' directive globally to suppress this message
[Sat Mar 02 03:29:30.603955 2024] [mpm_prefork:notice] [pid 1] AH00163: Apache/2.4.57 (Debian) PHP/8.2.16 configured -- resuming normal operations
[Sat Mar 02 03:29:30.604064 2024] [core:notice] [pid 1] AH00094: Command line: 'apache2 -D FOREGROUND'
[Sat Mar 02 03:34:48.392228 2024] [mpm_prefork:notice] [pid 1] AH00170: caught SIGWINCH, shutting down gracefully
AH00558: apache2: Could not reliably determine the server's fully qualified domain name, using 172.18.0.2. Set the 'ServerName' directive globally to suppress this message
[Sat Mar 02 03:35:07.758645 2024] [mpm_prefork:notice] [pid 1] AH00163: Apache/2.4.57 (Debian) PHP/8.2.16 configured -- resuming normal operations
[Sat Mar 02 03:35:07.758742 2024] [core:notice] [pid 1] AH00094: Command line: 'apache2 -D FOREGROUND'
[Sat Mar 02 03:36:54.821087 2024] [mpm_prefork:notice] [pid 1] AH00170: caught SIGWINCH, shutting down gracefully
AH00558: apache2: Could not reliably determine the server's fully qualified domain name, using 172.18.0.2. Set the 'ServerName' directive globally to suppress this message
[Sat Mar 02 03:37:11.416612 2024] [mpm_prefork:notice] [pid 1] AH00163: Apache/2.4.57 (Debian) PHP/8.2.16 configured -- resuming normal operations
[Sat Mar 02 03:37:11.416679 2024] [core:notice] [pid 1] AH00094: Command line: 'apache2 -D FOREGROUND'
[Sat Mar 02 03:37:47.306596 2024] [mpm_prefork:notice] [pid 1] AH00170: caught SIGWINCH, shutting down gracefully
AH00558: apache2: Could not reliably determine the server's fully qualified domain name, using 172.18.0.2. Set the 'ServerName' directive globally to suppress this message
[Sat Mar 02 03:38:12.182400 2024] [mpm_prefork:notice] [pid 1] AH00163: Apache/2.4.57 (Debian) PHP/8.2.16 configured -- resuming normal operations
[Sat Mar 02 03:38:12.182506 2024] [core:notice] [pid 1] AH00094: Command line: 'apache2 -D FOREGROUND'
[Sat Mar 02 03:40:20.081035 2024] [mpm_prefork:notice] [pid 1] AH00170: caught SIGWINCH, shutting down gracefully
AH00558: apache2: Could not reliably determine the server's fully qualified domain name, using 172.18.0.2. Set the 'ServerName' directive globally to suppress this message
[Sat Mar 02 03:40:40.058800 2024] [mpm_prefork:notice] [pid 1] AH00163: Apache/2.4.57 (Debian) PHP/8.2.16 configured -- resuming normal operations
[Sat Mar 02 03:40:40.058897 2024] [core:notice] [pid 1] AH00094: Command line: 'apache2 -D FOREGROUND'
[Sat Mar 02 03:43:01.826515 2024] [autoindex:error] [pid 19] [client 172.18.0.1:34398] AH01276: Cannot serve directory /var/www/html/: No matching DirectoryIndex (index.php,index.html) found, and server-generated directory index forbidden by Options directive
[Sat Mar 02 03:48:03.726103 2024] [mpm_prefork:notice] [pid 1] AH00170: caught SIGWINCH, shutting down gracefully
